[debug] [2018-08-28T05:58:14.272Z] ----------------------------------------------------------------------
[debug] [2018-08-28T05:58:14.304Z] Command:       C:\Program Files\nodejs\node.exe C:\Users\Issam\AppData\Roaming\npm\node_modules\firebase-tools\bin\firebase init functions
[debug] [2018-08-28T05:58:14.304Z] CLI Version:   4.2.0
[debug] [2018-08-28T05:58:14.304Z] Platform:      win32
[debug] [2018-08-28T05:58:14.308Z] Node Version:  v8.11.4
[debug] [2018-08-28T05:58:14.308Z] Time:          Tue Aug 28 2018 11:28:14 GMT+0530 (India Standard Time)
[debug] [2018-08-28T05:58:14.308Z] ----------------------------------------------------------------------
[debug] 
[debug] [2018-08-28T05:58:14.424Z] > command requires scopes: ["email","openid","https://www.googleapis.com/auth/cloudplatformprojects.readonly","https://www.googleapis.com/auth/firebase"]
[debug] [2018-08-28T05:58:14.428Z] > authorizing via signed-in user
[info] 
     ######## #### ########  ######## ########     ###     ######  ########
     ##        ##  ##     ## ##       ##     ##  ##   ##  ##       ##
     ######    ##  ########  ######   ########  #########  ######  ######
     ##        ##  ##    ##  ##       ##     ## ##     ##       ## ##
     ##       #### ##     ## ######## ########  ##     ##  ######  ########

You're about to initialize a Firebase project in this directory:

  C:\Users\Issam\Documents\aog-tuts

[info] 
=== Project Setup
[info] 
[info] First, let's associate this project directory with a Firebase project.
[info] You can create multiple project aliases by running firebase use --add, 
[info] but for now we'll just set up a default project.
[info] 
[debug] [2018-08-28T05:58:21.368Z] > refreshing access token with scopes: ["email","https://www.googleapis.com/auth/cloudplatformprojects.readonly","https://www.googleapis.com/auth/firebase","openid"]
[debug] [2018-08-28T05:58:21.368Z] >>> HTTP REQUEST POST https://www.googleapis.com/oauth2/v3/token  

[debug] [2018-08-28T05:58:24.966Z] <<< HTTP RESPONSE 200
[debug] [2018-08-28T05:58:25.037Z] >>> HTTP REQUEST GET https://admin.firebase.com/v1/projects  
 
[debug] [2018-08-28T05:58:30.185Z] <<< HTTP RESPONSE 200
[info] 
=== Functions Setup
[info] 
[info] A functions directory will be created in your project with a Node.js
[info] package pre-configured. Functions can be deployed with firebase deploy.
[info] 
[info] +  Wrote functions/package.json
[info] +  Wrote functions/.eslintrc.json
[info] +  Wrote functions/index.js
